<?xml version="1.0" encoding="UTF-8"?>
<!-- Generated by org.testng.reporters.JUnitReportReporter -->
<testsuite skipped="1" hostname="WIN031-MADHU" name="com.rda.automation.testAutomation.homepage.TC004_VerifyLoginWithDiffferentRecords" tests="2" failures="0" timestamp="27 Mar 2018 11:11:59 GMT" time="4.032" errors="0">
  <testcase name="testLogin" time="0.001" classname="com.rda.automation.testAutomation.homepage.TC004_VerifyLoginWithDiffferentRecords">
    <skipped/>
  </testcase> <!-- testLogin -->
  <testcase name="testLogin" time="4.031" classname="com.rda.automation.testAutomation.homepage.TC004_VerifyLoginWithDiffferentRecords"/>
</testsuite> <!-- com.rda.automation.testAutomation.homepage.TC004_VerifyLoginWithDiffferentRecords -->
