<?xml version="1.0" encoding="UTF-8"?>
<!-- Generated by org.testng.reporters.JUnitReportReporter -->
<testsuite skipped="0" hostname="WIN031-MADHU" name="com.rda.automation.testAutomation.homepage.TC001_VerifyLoginWithInvalidCredentails" tests="1" failures="0" timestamp="27 Feb 2018 18:23:25 GMT" time="5.237" errors="0">
  <testcase name="verifyLoginWithInvalidCredentails" time="5.237" classname="com.rda.automation.testAutomation.homepage.TC001_VerifyLoginWithInvalidCredentails"/>
</testsuite> <!-- com.rda.automation.testAutomation.homepage.TC001_VerifyLoginWithInvalidCredentails -->
