<?xml version="1.0" encoding="UTF-8"?>
<!-- Generated by org.testng.reporters.JUnitReportReporter -->
<testsuite skipped="0" hostname="WIN031-MADHU" name="com.rda.automation.testAutomation.homepage.DataProviderExample" tests="3" failures="0" timestamp="12 Mar 2018 13:03:26 GMT" time="0.019" errors="0">
  <testcase name="setData" time="0.006" classname="com.rda.automation.testAutomation.homepage.DataProviderExample"/>
  <testcase name="setData" time="0.009" classname="com.rda.automation.testAutomation.homepage.DataProviderExample"/>
  <testcase name="setData" time="0.004" classname="com.rda.automation.testAutomation.homepage.DataProviderExample"/>
</testsuite> <!-- com.rda.automation.testAutomation.homepage.DataProviderExample -->
