<?xml version="1.0" encoding="UTF-8"?>
<!-- Generated by org.testng.reporters.JUnitReportReporter -->
<testsuite skipped="0" hostname="WIN031-MADHU" name="com.rda.automation.testAutomation.excelReader.Exp" tests="1" failures="0" timestamp="30 Apr 2018 09:43:21 GMT" time="1.035" errors="0">
  <testcase name="readFolder" time="1.035" classname="com.rda.automation.testAutomation.excelReader.Exp"/>
</testsuite> <!-- com.rda.automation.testAutomation.excelReader.Exp -->
