<?xml version="1.0" encoding="UTF-8"?>
<!-- Generated by org.testng.reporters.JUnitReportReporter -->
<testsuite skipped="0" hostname="WIN031-MADHU" name="com.rda.automation.testAutomation.homepage.TC002_VerifyJabongRegistration" tests="1" failures="0" timestamp="18 Apr 2018 17:07:15 GMT" time="7.321" errors="0">
  <testcase name="verifyJabongRegistration" time="7.321" classname="com.rda.automation.testAutomation.homepage.TC002_VerifyJabongRegistration"/>
</testsuite> <!-- com.rda.automation.testAutomation.homepage.TC002_VerifyJabongRegistration -->
